<?xml version="1.0" encoding="UTF-8"?>
<!-- Generated by org.testng.reporters.JUnitXMLReporter -->
<testsuite hostname="Deeksha-PC" name="Test" tests="4" failures="0" timestamp="21 May 2020 11:31:12 GMT" time="80.965" errors="0">
  <testcase name="basePagNavigation" time="27.107" classname="Academy.HomePage"/>
  <testcase name="basePagNavigation" time="21.68" classname="Academy.HomePage"/>
  <testcase name="basePagNavigation" time="0.092" classname="Academy.ValidateTitle"/>
  <testcase name="basePagNavigation" time="0.159" classname="Academy.ValidateNavigationBar"/>
</testsuite> <!-- Test -->
