<?xml version="1.0" encoding="UTF-8"?>
<!-- Generated by org.testng.reporters.JUnitXMLReporter -->
<testsuite hostname="Deeksha-PC" name="Validating Titile" tests="1" failures="1" timestamp="22 May 2020 08:00:45 GMT" time="12.623" errors="0">
  <testcase name="basePagNavigation" time="0.08" classname="Academy.ValidateTitle">
    <failure type="java.lang.AssertionError" message="expected [FEATURED COURSES123] but found [FEATURED COURSES]">
      <![CDATA[java.lang.AssertionError: expected [FEATURED COURSES123] but found [FEATURED COURSES]
	at Academy.ValidateTitle.basePagNavigation(ValidateTitle.java:43)
... Removed 29 stack frames]]>
    </failure>
  </testcase> <!-- basePagNavigation -->
</testsuite> <!-- Validating Titile -->
