<?xml version="1.0" encoding="UTF-8"?>
<!-- Generated by org.testng.reporters.JUnitXMLReporter -->
<testsuite hostname="Deeksha-PC" name="Test" tests="4" failures="0" timestamp="21 May 2020 09:29:11 GMT" time="83.328" errors="0">
  <testcase name="basePagNavigation" time="35.607" classname="Academy.HomePage"/>
  <testcase name="basePagNavigation" time="9.835" classname="Academy.HomePage"/>
  <testcase name="basePagNavigation" time="0.258" classname="Academy.ValidateTitle"/>
  <testcase name="basePagNavigation" time="0.22" classname="Academy.ValidateNavigationBar"/>
</testsuite> <!-- Test -->
