<?xml version="1.0" encoding="UTF-8"?>
<testng-results skipped="1" failed="0" total="1" passed="0">
  <reporter-output>
  </reporter-output>
  <suite name="Default suite" duration-ms="50" started-at="2020-05-22T08:52:29Z" finished-at="2020-05-22T08:52:29Z">
    <groups>
    </groups>
    <test name="Default test" duration-ms="50" started-at="2020-05-22T08:52:29Z" finished-at="2020-05-22T08:52:29Z">
      <class name="Academy.ValidateNavigationBar">
        <test-method status="FAIL" signature="initalize()[pri:0, instance:Academy.ValidateNavigationBar@4ec4f3a0]" name="initalize" is-config="true" duration-ms="0" started-at="2020-05-22T14:22:29Z" finished-at="2020-05-22T14:22:29Z">
          <exception class="java.lang.NullPointerException">
            <full-stacktrace>
              <![CDATA[java.lang.NullPointerException
	at resources.base.initializeDriver(base.java:36)
	at Academy.ValidateNavigationBar.initalize(ValidateNavigationBar.java:37)
	at sun.reflect.NativeMethodAccessorImpl.invoke0(Native Method)
	at sun.reflect.NativeMethodAccessorImpl.invoke(Unknown Source)
	at sun.reflect.DelegatingMethodAccessorImpl.invoke(Unknown Source)
	at java.lang.reflect.Method.invoke(Unknown Source)
	at org.testng.internal.MethodInvocationHelper.invokeMethod(MethodInvocationHelper.java:80)
	at org.testng.internal.Invoker.invokeConfigurationMethod(Invoker.java:564)
	at org.testng.internal.Invoker.invokeConfigurations(Invoker.java:213)
	at org.testng.internal.Invoker.invokeConfigurations(Invoker.java:138)
	at org.testng.TestRunner.beforeRun(TestRunner.java:641)
	at org.testng.TestRunner.run(TestRunner.java:609)
	at org.testng.SuiteRunner.runTest(SuiteRunner.java:334)
	at org.testng.SuiteRunner.runSequentially(SuiteRunner.java:329)
	at org.testng.SuiteRunner.privateRun(SuiteRunner.java:291)
	at org.testng.SuiteRunner.run(SuiteRunner.java:240)
	at org.testng.SuiteRunnerWorker.runSuite(SuiteRunnerWorker.java:52)
	at org.testng.SuiteRunnerWorker.run(SuiteRunnerWorker.java:86)
	at org.testng.TestNG.runSuitesSequentially(TestNG.java:1198)
	at org.testng.TestNG.runSuitesLocally(TestNG.java:1123)
	at org.testng.TestNG.run(TestNG.java:1031)
	at org.testng.remote.AbstractRemoteTestNG.run(AbstractRemoteTestNG.java:132)
	at org.testng.remote.RemoteTestNG.initAndRun(RemoteTestNG.java:230)
	at org.testng.remote.RemoteTestNG.main(RemoteTestNG.java:76)
]]>
            </full-stacktrace>
          </exception> <!-- java.lang.NullPointerException -->
          <reporter-output>
          </reporter-output>
        </test-method> <!-- initalize -->
        <test-method status="SKIP" signature="basePagNavigation()[pri:0, instance:Academy.ValidateNavigationBar@4ec4f3a0]" name="basePagNavigation" duration-ms="2" started-at="2020-05-22T14:22:29Z" finished-at="2020-05-22T14:22:29Z">
          <reporter-output>
          </reporter-output>
        </test-method> <!-- basePagNavigation -->
        <test-method status="SKIP" signature="teardown()[pri:0, instance:Academy.ValidateNavigationBar@4ec4f3a0]" name="teardown" is-config="true" duration-ms="0" started-at="2020-05-22T14:22:29Z" finished-at="2020-05-22T14:22:29Z">
          <reporter-output>
          </reporter-output>
        </test-method> <!-- teardown -->
      </class> <!-- Academy.ValidateNavigationBar -->
    </test> <!-- Default test -->
  </suite> <!-- Default suite -->
</testng-results>
